Build started 10/19/2014 10:26:47 AM.
     1>Project "D:\DATA\Projects\Effects11\Effects11_2013.vcxproj" on node 2 (Rebuild target(s)).
     1>ClCompile:
         C:\Program Files (x86)\Microsoft Visual Studio 12.0\VC\bin\x86_amd64\CL.exe /c /I.\Binary /I.\Inc /Zi /nologo /W4 /WX- /Od /Oi /D _WIN7_PLATFORM_UPDATE /D WIN32 /D _DEBUG /D DEBUG /D PROFILE /D _WINDOWS /D _LIB /D D3DXFX_LARGEADDRESS_HANDLE /D _WIN32_WINNT=0x0600 /D _UNICODE /D UNICODE /Gm- /EHsc /RTC1 /MDd /GS /fp:fast /Zc:wchar_t /Zc:forScope /openmp- /Yc"pchfx.h" /Fp"Bin\Desktop_2013\x64\Debug\Effects11.pch" /Fo"Bin\Desktop_2013\x64\Debug\\" /Fd"Bin\Desktop_2013\x64\Debug\Effects11.pdb" /Gd /TP /errorReport:prompt  d3dxGlobal.cpp
         d3dxGlobal.cpp
         C:\Program Files (x86)\Microsoft Visual Studio 12.0\VC\bin\x86_amd64\CL.exe /c /I.\Binary /I.\Inc /Zi /nologo /W4 /WX- /Od /Oi /D _WIN7_PLATFORM_UPDATE /D WIN32 /D _DEBUG /D DEBUG /D PROFILE /D _WINDOWS /D _LIB /D D3DXFX_LARGEADDRESS_HANDLE /D _WIN32_WINNT=0x0600 /D _UNICODE /D UNICODE /Gm- /EHsc /RTC1 /MDd /GS /fp:fast /Zc:wchar_t /Zc:forScope /openmp- /Yu"pchfx.h" /Fp"Bin\Desktop_2013\x64\Debug\Effects11.pch" /Fo"Bin\Desktop_2013\x64\Debug\\" /Fd"Bin\Desktop_2013\x64\Debug\Effects11.pdb" /Gd /TP /errorReport:prompt  EffectAPI.cpp EffectLoad.cpp EffectNonRuntime.cpp EffectReflection.cpp EffectRuntime.cpp
         EffectAPI.cpp
         EffectLoad.cpp
         EffectNonRuntime.cpp
         EffectReflection.cpp
         EffectRuntime.cpp
         Generating Code...
       Lib:
         C:\Program Files (x86)\Microsoft Visual Studio 12.0\VC\bin\x86_amd64\Lib.exe /OUT:"Bin\Desktop_2013\x64\Debug\Effects11.lib" /NOLOGO /MACHINE:X64 Bin\Desktop_2013\x64\Debug\d3dxGlobal.obj
         Bin\Desktop_2013\x64\Debug\EffectAPI.obj
         Bin\Desktop_2013\x64\Debug\EffectLoad.obj
         Bin\Desktop_2013\x64\Debug\EffectNonRuntime.obj
         Bin\Desktop_2013\x64\Debug\EffectReflection.obj
         Bin\Desktop_2013\x64\Debug\EffectRuntime.obj
         Effects11_2013.vcxproj -> D:\DATA\Projects\Effects11\Bin\Desktop_2013\x64\Debug\Effects11.lib
     1>Done Building Project "D:\DATA\Projects\Effects11\Effects11_2013.vcxproj" (Rebuild target(s)).

Build succeeded.

Time Elapsed 00:00:03.48
